<?xml version="1.0" encoding="UTF-8"?>
<!-- Generated by org.testng.reporters.JUnitReportReporter -->
<testsuite skipped="0" hostname="DESKTOP-VFRVSQD" name="com.Basic.MavenJavaBasic.AppiumTest" tests="2" failures="0" timestamp="2020-06-12T11:38:33 IST" time="0.011" errors="0">
  <testcase name="NativeappAndroid" time="0.001" classname="com.Basic.MavenJavaBasic.AppiumTest"/>
  <system-out/>
  <testcase name="IOSApp" time="0.010" classname="com.Basic.MavenJavaBasic.AppiumTest"/>
  <system-out/>
</testsuite> <!-- com.Basic.MavenJavaBasic.AppiumTest -->
