<?xml version="1.0" encoding="UTF-8"?>
<!-- Generated by org.testng.reporters.JUnitReportReporter -->
<testsuite skipped="0" hostname="DESKTOP-VFRVSQD" name="com.Basic.MavenJavaBasic.RestApiTest" tests="2" failures="0" timestamp="2020-06-12T11:38:33 IST" time="0.002" errors="0">
  <testcase name="Postjira" time="0.001" classname="com.Basic.MavenJavaBasic.RestApiTest"/>
  <system-out/>
  <testcase name="TwitterApi" time="0.001" classname="com.Basic.MavenJavaBasic.RestApiTest"/>
  <system-out/>
</testsuite> <!-- com.Basic.MavenJavaBasic.RestApiTest -->
